[21:44:03] [ERROR] CConnection::CConnection - establishing connection to MySQL database failed: #1045 'Access denied for user 'root'@'localhost' (using password: YES)'
[21:44:03] [ERROR] CConnection::CConnection - establishing connection to MySQL database failed: #1045 'Access denied for user 'root'@'localhost' (using password: YES)'
[21:44:03] [ERROR] CConnection::CConnection - establishing connection to MySQL database failed: #1045 'Access denied for user 'root'@'localhost' (using password: YES)'
[21:44:03] [ERROR] CConnection::CConnection - establishing connection to MySQL database failed: #1045 'Access denied for user 'root'@'localhost' (using password: YES)'
[21:44:04] [ERROR] CConnection::CConnection - establishing connection to MySQL database failed: #1045 'Access denied for user 'root'@'localhost' (using password: YES)'
[21:44:04] [ERROR] CConnection::CConnection - establishing connection to MySQL database failed: #1045 'Access denied for user 'root'@'localhost' (using password: YES)'
[21:44:04] [ERROR] CConnection::CConnection - establishing connection to MySQL database failed: #1045 'Access denied for user 'root'@'localhost' (using password: YES)'
[21:44:04] [ERROR] CConnection::CConnection - establishing connection to MySQL database failed: #1045 'Access denied for user 'root'@'localhost' (using password: YES)'
[21:44:17] [ERROR] CConnection::CConnection - establishing connection to MySQL database failed: #1045 'Access denied for user 'root'@'localhost' (using password: YES)'
[21:44:18] [ERROR] CConnection::CConnection - establishing connection to MySQL database failed: #1045 'Access denied for user 'root'@'localhost' (using password: YES)'
[21:44:18] [ERROR] CConnection::CConnection - establishing connection to MySQL database failed: #1045 'Access denied for user 'root'@'localhost' (using password: YES)'
[21:44:18] [ERROR] CConnection::CConnection - establishing connection to MySQL database failed: #1045 'Access denied for user 'root'@'localhost' (using password: YES)'
[21:45:08] [ERROR] cache_get_value_name_int: field 'uniforma' not found (c:\Users\karol\OneDrive\Stalinis kompiuteris\work\lerg\gamemodes\main.pwn:4599 -> c:\Users\karol\OneDrive\Stalinis kompiuteris\work\lerg\gamemodes\main.pwn:515)
[21:45:08] [ERROR] cache_get_value_name_int: field 'wantedlevel' not found (c:\Users\karol\OneDrive\Stalinis kompiuteris\work\lerg\gamemodes\main.pwn:4603 -> c:\Users\karol\OneDrive\Stalinis kompiuteris\work\lerg\gamemodes\main.pwn:515)
[21:45:08] [ERROR] cache_get_value_name_int: field 'glic' not found (c:\Users\karol\OneDrive\Stalinis kompiuteris\work\lerg\gamemodes\main.pwn:4605 -> c:\Users\karol\OneDrive\Stalinis kompiuteris\work\lerg\gamemodes\main.pwn:515)
[21:45:08] [ERROR] cache_get_value_name_int: field 'dpriziuretojas' not found (c:\Users\karol\OneDrive\Stalinis kompiuteris\work\lerg\gamemodes\main.pwn:4619 -> c:\Users\karol\OneDrive\Stalinis kompiuteris\work\lerg\gamemodes\main.pwn:515)
[21:45:08] [ERROR] cache_get_value_name_int: field 'laikoligonineje' not found (c:\Users\karol\OneDrive\Stalinis kompiuteris\work\lerg\gamemodes\main.pwn:4621 -> c:\Users\karol\OneDrive\Stalinis kompiuteris\work\lerg\gamemodes\main.pwn:515)
[21:45:08] [ERROR] cache_get_value_name_int: field 'sveikatospazyma' not found (c:\Users\karol\OneDrive\Stalinis kompiuteris\work\lerg\gamemodes\main.pwn:4623 -> c:\Users\karol\OneDrive\Stalinis kompiuteris\work\lerg\gamemodes\main.pwn:515)
[21:45:08] [ERROR] cache_get_value_name_int: field 'sveikatospazymoslaikas' not found (c:\Users\karol\OneDrive\Stalinis kompiuteris\work\lerg\gamemodes\main.pwn:4625 -> c:\Users\karol\OneDrive\Stalinis kompiuteris\work\lerg\gamemodes\main.pwn:515)
[21:45:08] [ERROR] cache_get_value_name_int: field 'adminpriz' not found (c:\Users\karol\OneDrive\Stalinis kompiuteris\work\lerg\gamemodes\main.pwn:4627 -> c:\Users\karol\OneDrive\Stalinis kompiuteris\work\lerg\gamemodes\main.pwn:515)
[21:45:08] [ERROR] cache_get_value_name_int: field 'vippriz' not found (c:\Users\karol\OneDrive\Stalinis kompiuteris\work\lerg\gamemodes\main.pwn:4629 -> c:\Users\karol\OneDrive\Stalinis kompiuteris\work\lerg\gamemodes\main.pwn:515)
[21:45:10] [ERROR] error #1054 while executing query "UPDATE zaidejai SET `lastloginDATE` = '2023-01-14 21:45', `lastloginIP` = '127.0.0.1', `laikoligonineje` = '0', `pagydymai` = '0', `baudos` = '0', `sveikatospazyma` = '0', `sveikatospazymoslaikas` = '0' WHERE vardas = 'Admin_MAXX' LIMIT 1;": Unknown column 'laikoligonineje' in 'field list' (c:\Users\karol\OneDrive\Stalinis kompiuteris\work\lerg\gamemodes\main.pwn:4753 -> c:\Users\karol\OneDrive\Stalinis kompiuteris\work\lerg\gamemodes\main.pwn:485 -> C:\Users\karol\OneDrive\Stalinis kompiuteris\work\lerg\pawno\include\sscanf2.inc:266 -> C:\Users\karol\OneDrive\Stalinis kompiuteris\work\lerg\pawno\include\YSI\..\YSI_Data\..\YSI_Internal\..\YSI_Core\y_utils.inc:319 -> C:\Users\karol\OneDrive\Stalinis kompiuteris\work\lerg\pawno\include\YSI\..\YSI_Data\..\YSI_Coding\..\YSI_Internal\y_cgen.inc:113)
[21:45:10] [ERROR] error #1054 while executing query "UPDATE zaidejai SET `adminpriz` = '0', `vippriz` = '0' WHERE vardas = 'Admin_MAXX' LIMIT 1": Unknown column 'adminpriz' in 'field list' (c:\Users\karol\OneDrive\Stalinis kompiuteris\work\lerg\gamemodes\main.pwn:4756 -> c:\Users\karol\OneDrive\Stalinis kompiuteris\work\lerg\gamemodes\main.pwn:485 -> C:\Users\karol\OneDrive\Stalinis kompiuteris\work\lerg\pawno\include\sscanf2.inc:266 -> C:\Users\karol\OneDrive\Stalinis kompiuteris\work\lerg\pawno\include\YSI\..\YSI_Data\..\YSI_Internal\..\YSI_Core\y_utils.inc:319 -> C:\Users\karol\OneDrive\Stalinis kompiuteris\work\lerg\pawno\include\YSI\..\YSI_Data\..\YSI_Coding\..\YSI_Internal\y_cgen.inc:113)
[21:45:10] [ERROR] error #1054 while executing query "UPDATE `zaidejai` SET `pavaduotojas` = '0', `aisp` = '0', `disp` = '0', `visp` = '0', `siandienprazaide` = '0', `siandienpradirbo` = '0', `dpriziuretojas` = '0' WHERE `vardas` = 'Admin_MAXX' LIMIT 1;": Unknown column 'siandienprazaide' in 'field list' (c:\Users\karol\OneDrive\Stalinis kompiuteris\work\lerg\gamemodes\main.pwn:4759 -> c:\Users\karol\OneDrive\Stalinis kompiuteris\work\lerg\gamemodes\main.pwn:485 -> C:\Users\karol\OneDrive\Stalinis kompiuteris\work\lerg\pawno\include\sscanf2.inc:266 -> C:\Users\karol\OneDrive\Stalinis kompiuteris\work\lerg\pawno\include\YSI\..\YSI_Data\..\YSI_Internal\..\YSI_Core\y_utils.inc:319 -> C:\Users\karol\OneDrive\Stalinis kompiuteris\work\lerg\pawno\include\YSI\..\YSI_Data\..\YSI_Coding\..\YSI_Internal\y_cgen.inc:113)
[21:45:10] [ERROR] error #1054 while executing query "UPDATE `zaidejai` SET `uniforma` = '0', `wUniform` = '0', `wantedlevel` = '0', `gender` = '0', `glic` = '0' WHERE `vardas` = 'Admin_MAXX' LIMIT 1;": Unknown column 'uniforma' in 'field list' (c:\Users\karol\OneDrive\Stalinis kompiuteris\work\lerg\gamemodes\main.pwn:4762 -> c:\Users\karol\OneDrive\Stalinis kompiuteris\work\lerg\gamemodes\main.pwn:485 -> C:\Users\karol\OneDrive\Stalinis kompiuteris\work\lerg\pawno\include\sscanf2.inc:266 -> C:\Users\karol\OneDrive\Stalinis kompiuteris\work\lerg\pawno\include\YSI\..\YSI_Data\..\YSI_Internal\..\YSI_Core\y_utils.inc:319 -> C:\Users\karol\OneDrive\Stalinis kompiuteris\work\lerg\pawno\include\YSI\..\YSI_Data\..\YSI_Coding\..\YSI_Internal\y_cgen.inc:113)
